<?xml version="1.0" encoding="UTF-8"?>
<testsuite xmlns:xsi="http://www.w3.org/2001/XMLSchema-instance" xsi:noNamespaceSchemaLocation="https://maven.apache.org/surefire/maven-surefire-plugin/xsd/surefire-test-report-3.0.xsd" version="3.0" name="com.romash_co.service.ProductServiceTest" time="0.006" tests="5" errors="0" skipped="0" failures="0">
  <properties>
[...]
</properties>
  <testcase name="testUpdateProduct" classname="com.romash_co.service.ProductServiceTest" time="0.001"/>
  <testcase name="testAddProduct" classname="com.romash_co.service.ProductServiceTest" time="0.001"/>
  <testcase name="testGetProductById" classname="com.romash_co.service.ProductServiceTest" time="0.001"/>
  <testcase name="testDeleteProduct" classname="com.romash_co.service.ProductServiceTest" time="0.001"/>
  <testcase name="testGetAllProducts" classname="com.romash_co.service.ProductServiceTest" time="0.001"/>
</testsuite>